  实验.cpp
2.obj : error LNK2001: 无法解析的外部符号 "int t" (?t@@3HA)
C:\Users\ASUS\OneDrive\桌面\高程项目\第十七周程序\第十七周程序\Debug\实验.exe : fatal error LNK1120: 1 个无法解析的外部命令
